
*** Running vivado
    with args -log counter.vds -m64 -product Vivado -mode batch -messageDb vivado.pb -notrace -source counter.tcl



****** Vivado v2021.2 (64-bit)
  **** SW Build 3367213 on Tue Oct 19 02:48:09 MDT 2021
  **** IP Build 3369179 on Thu Oct 21 08:25:16 MDT 2021
    ** Copyright 1986-2021 Xilinx, Inc. All Rights Reserved.

source counter.tcl -notrace
Command: read_checkpoint -auto_incremental -incremental D:/LABWORK/DSD/Lab/three_digit_decimal_counter/three_digit_decimal_counter.srcs/utils_1/imports/synth_1/three_digit_decimal_counter.dcp
INFO: [Vivado 12-5825] Read reference checkpoint from D:/LABWORK/DSD/Lab/three_digit_decimal_counter/three_digit_decimal_counter.srcs/utils_1/imports/synth_1/three_digit_decimal_counter.dcp for incremental synthesis
INFO: [Vivado 12-7989] Please ensure there are no constraint changes
Command: synth_design -top counter -part xc7a100tcsg324-1
Starting synth_design
Attempting to get a license for feature 'Synthesis' and/or device 'xc7a100t'
INFO: [Common 17-349] Got license for feature 'Synthesis' and/or device 'xc7a100t'
INFO: [Device 21-403] Loading part xc7a100tcsg324-1
WARNING: [Designutils 20-4072] Reference run did not run incremental synthesis because the design is too small; reverting to default synthesis
INFO: [Designutils 20-4379] Flow is switching to default flow due to incremental criteria not met. If you would like to alter this behaviour and have the flow terminate instead, please set the following parameter config_implementation {autoIncr.Synth.RejectBehavior Terminate}
INFO: [Synth 8-7079] Multithreading enabled for synth_design using a maximum of 2 processes.
INFO: [Synth 8-7078] Launching helper process for spawning children vivado processes
INFO: [Synth 8-7075] Helper process launched with PID 21692
---------------------------------------------------------------------------------
Starting RTL Elaboration : Time (s): cpu = 00:00:03 ; elapsed = 00:00:04 . Memory (MB): peak = 1255.418 ; gain = 0.000
---------------------------------------------------------------------------------
INFO: [Synth 8-638] synthesizing module 'counter' [D:/LABWORK/DSD/Lab/three_digit_decimal_counter/three_digit_decimal_counter.srcs/sources_1/new/counter.vhd:38]
INFO: [Synth 8-3491] module 'clk_wiz_0' declared at 'D:/LABWORK/DSD/Lab/three_digit_decimal_counter/three_digit_decimal_counter.runs/synth_1/.Xil/Vivado-12368-BlackTeaIrse/realtime/clk_wiz_0_stub.vhdl:5' bound to instance 'system_clocke' of component 'clk_wiz_0' [D:/LABWORK/DSD/Lab/three_digit_decimal_counter/three_digit_decimal_counter.srcs/sources_1/new/counter.vhd:77]
INFO: [Synth 8-638] synthesizing module 'clk_wiz_0' [D:/LABWORK/DSD/Lab/three_digit_decimal_counter/three_digit_decimal_counter.runs/synth_1/.Xil/Vivado-12368-BlackTeaIrse/realtime/clk_wiz_0_stub.vhdl:15]
INFO: [Synth 8-3491] module 'counterer_1hz' declared at 'D:/LABWORK/DSD/Lab/three_digit_decimal_counter/three_digit_decimal_counter.srcs/sources_1/new/counterer_1hz.vhd:34' bound to instance 'counter_1hz' of component 'counterer_1hz' [D:/LABWORK/DSD/Lab/three_digit_decimal_counter/three_digit_decimal_counter.srcs/sources_1/new/counter.vhd:88]
INFO: [Synth 8-638] synthesizing module 'counterer_1hz' [D:/LABWORK/DSD/Lab/three_digit_decimal_counter/three_digit_decimal_counter.srcs/sources_1/new/counterer_1hz.vhd:40]
INFO: [Synth 8-3491] module 'three_digit_decimal_counter' declared at 'D:/LABWORK/DSD/Lab/three_digit_decimal_counter/three_digit_decimal_counter.srcs/sources_1/new/three_digit_decimal_counter.vhd:36' bound to instance 'down10M' of component 'three_digit_decimal_counter' [D:/LABWORK/DSD/Lab/three_digit_decimal_counter/three_digit_decimal_counter.srcs/sources_1/new/counterer_1hz.vhd:51]
INFO: [Synth 8-638] synthesizing module 'three_digit_decimal_counter' [D:/LABWORK/DSD/Lab/three_digit_decimal_counter/three_digit_decimal_counter.srcs/sources_1/new/three_digit_decimal_counter.vhd:43]
INFO: [Synth 8-256] done synthesizing module 'three_digit_decimal_counter' (1#1) [D:/LABWORK/DSD/Lab/three_digit_decimal_counter/three_digit_decimal_counter.srcs/sources_1/new/three_digit_decimal_counter.vhd:43]
INFO: [Synth 8-256] done synthesizing module 'counterer_1hz' (2#1) [D:/LABWORK/DSD/Lab/three_digit_decimal_counter/three_digit_decimal_counter.srcs/sources_1/new/counterer_1hz.vhd:40]
INFO: [Synth 8-3491] module 'three_counter' declared at 'D:/LABWORK/DSD/Lab/three_digit_decimal_counter/three_digit_decimal_counter.srcs/sources_1/new/three_counter.vhd:36' bound to instance 'three_counters' of component 'three_counter' [D:/LABWORK/DSD/Lab/three_digit_decimal_counter/three_digit_decimal_counter.srcs/sources_1/new/counter.vhd:95]
INFO: [Synth 8-638] synthesizing module 'three_counter' [D:/LABWORK/DSD/Lab/three_digit_decimal_counter/three_digit_decimal_counter.srcs/sources_1/new/three_counter.vhd:49]
INFO: [Synth 8-256] done synthesizing module 'three_counter' (3#1) [D:/LABWORK/DSD/Lab/three_digit_decimal_counter/three_digit_decimal_counter.srcs/sources_1/new/three_counter.vhd:49]
INFO: [Synth 8-256] done synthesizing module 'counter' (4#1) [D:/LABWORK/DSD/Lab/three_digit_decimal_counter/three_digit_decimal_counter.srcs/sources_1/new/counter.vhd:38]
---------------------------------------------------------------------------------
Finished RTL Elaboration : Time (s): cpu = 00:00:04 ; elapsed = 00:00:05 . Memory (MB): peak = 1255.418 ; gain = 0.000
---------------------------------------------------------------------------------
---------------------------------------------------------------------------------
Start Handling Custom Attributes
---------------------------------------------------------------------------------
---------------------------------------------------------------------------------
Finished Handling Custom Attributes : Time (s): cpu = 00:00:05 ; elapsed = 00:00:05 . Memory (MB): peak = 1255.418 ; gain = 0.000
---------------------------------------------------------------------------------
---------------------------------------------------------------------------------
Finished RTL Optimization Phase 1 : Time (s): cpu = 00:00:05 ; elapsed = 00:00:05 . Memory (MB): peak = 1255.418 ; gain = 0.000
---------------------------------------------------------------------------------
Netlist sorting complete. Time (s): cpu = 00:00:00 ; elapsed = 00:00:00.002 . Memory (MB): peak = 1255.418 ; gain = 0.000
INFO: [Project 1-570] Preparing netlist for logic optimization

Processing XDC Constraints
Initializing timing engine
Parsing XDC File [d:/LABWORK/DSD/Lab/three_digit_decimal_counter/three_digit_decimal_counter.gen/sources_1/ip/clk_wiz_0/clk_wiz_0/clk_wiz_0_in_context.xdc] for cell 'system_clocke'
Finished Parsing XDC File [d:/LABWORK/DSD/Lab/three_digit_decimal_counter/three_digit_decimal_counter.gen/sources_1/ip/clk_wiz_0/clk_wiz_0/clk_wiz_0_in_context.xdc] for cell 'system_clocke'
Parsing XDC File [D:/LABWORK/DSD/Lab/three_digit_decimal_counter/three_digit_decimal_counter.srcs/constrs_1/new/counter.xdc]
Finished Parsing XDC File [D:/LABWORK/DSD/Lab/three_digit_decimal_counter/three_digit_decimal_counter.srcs/constrs_1/new/counter.xdc]
INFO: [Project 1-236] Implementation specific constraints were found while reading constraint file [D:/LABWORK/DSD/Lab/three_digit_decimal_counter/three_digit_decimal_counter.srcs/constrs_1/new/counter.xdc]. These constraints will be ignored for synthesis but will be used in implementation. Impacted constraints are listed in the file [.Xil/counter_propImpl.xdc].
Resolution: To avoid this warning, move constraints listed in [.Xil/counter_propImpl.xdc] to another XDC file and exclude this new file from synthesis with the used_in_synthesis property (File Properties dialog in GUI) and re-run elaboration/synthesis.
Completed Processing XDC Constraints

Netlist sorting complete. Time (s): cpu = 00:00:00 ; elapsed = 00:00:00 . Memory (MB): peak = 1276.543 ; gain = 0.000
INFO: [Project 1-111] Unisim Transformation Summary:
No Unisim elements were transformed.

Constraint Validation Runtime : Time (s): cpu = 00:00:00 ; elapsed = 00:00:00.002 . Memory (MB): peak = 1276.543 ; gain = 0.000
WARNING: [Designutils 20-4072] Reference run did not run incremental synthesis because the design is too small; reverting to default synthesis
INFO: [Designutils 20-4379] Flow is switching to default flow due to incremental criteria not met. If you would like to alter this behaviour and have the flow terminate instead, please set the following parameter config_implementation {autoIncr.Synth.RejectBehavior Terminate}
---------------------------------------------------------------------------------
Finished Constraint Validation : Time (s): cpu = 00:00:09 ; elapsed = 00:00:11 . Memory (MB): peak = 1276.543 ; gain = 21.125
---------------------------------------------------------------------------------
---------------------------------------------------------------------------------
Start Loading Part and Timing Information
---------------------------------------------------------------------------------
Loading part: xc7a100tcsg324-1
---------------------------------------------------------------------------------
Finished Loading Part and Timing Information : Time (s): cpu = 00:00:09 ; elapsed = 00:00:11 . Memory (MB): peak = 1276.543 ; gain = 21.125
---------------------------------------------------------------------------------
---------------------------------------------------------------------------------
Start Applying 'set_property' XDC Constraints
---------------------------------------------------------------------------------
Applied set_property IO_BUFFER_TYPE = NONE for CLK. (constraint file  d:/LABWORK/DSD/Lab/three_digit_decimal_counter/three_digit_decimal_counter.gen/sources_1/ip/clk_wiz_0/clk_wiz_0/clk_wiz_0_in_context.xdc, line 3).
Applied set_property CLOCK_BUFFER_TYPE = NONE for CLK. (constraint file  d:/LABWORK/DSD/Lab/three_digit_decimal_counter/three_digit_decimal_counter.gen/sources_1/ip/clk_wiz_0/clk_wiz_0/clk_wiz_0_in_context.xdc, line 4).
Applied set_property KEEP_HIERARCHY = SOFT for system_clocke. (constraint file  auto generated constraint).
---------------------------------------------------------------------------------
Finished applying 'set_property' XDC Constraints : Time (s): cpu = 00:00:09 ; elapsed = 00:00:11 . Memory (MB): peak = 1276.543 ; gain = 21.125
---------------------------------------------------------------------------------
---------------------------------------------------------------------------------
Finished RTL Optimization Phase 2 : Time (s): cpu = 00:00:09 ; elapsed = 00:00:11 . Memory (MB): peak = 1276.543 ; gain = 21.125
---------------------------------------------------------------------------------
---------------------------------------------------------------------------------
Start RTL Component Statistics 
---------------------------------------------------------------------------------
Detailed RTL Component Info : 
+---Adders : 
	   2 Input   24 Bit       Adders := 1     
	   2 Input    4 Bit       Adders := 3     
+---Registers : 
	               24 Bit    Registers := 1     
	                4 Bit    Registers := 3     
	                1 Bit    Registers := 2     
+---Muxes : 
	   2 Input   24 Bit        Muxes := 2     
	   2 Input    4 Bit        Muxes := 9     
	   2 Input    1 Bit        Muxes := 11    
---------------------------------------------------------------------------------
Finished RTL Component Statistics 
---------------------------------------------------------------------------------
---------------------------------------------------------------------------------
Start Part Resource Summary
---------------------------------------------------------------------------------
Part Resources:
DSPs: 240 (col length:80)
BRAMs: 270 (col length: RAMB18 80 RAMB36 40)
---------------------------------------------------------------------------------
Finished Part Resource Summary
---------------------------------------------------------------------------------
---------------------------------------------------------------------------------
Start Cross Boundary and Area Optimization
---------------------------------------------------------------------------------
WARNING: [Synth 8-7080] Parallel synthesis criteria is not met
---------------------------------------------------------------------------------
Finished Cross Boundary and Area Optimization : Time (s): cpu = 00:00:10 ; elapsed = 00:00:13 . Memory (MB): peak = 1276.543 ; gain = 21.125
---------------------------------------------------------------------------------
---------------------------------------------------------------------------------
Start Applying XDC Timing Constraints
---------------------------------------------------------------------------------
---------------------------------------------------------------------------------
Finished Applying XDC Timing Constraints : Time (s): cpu = 00:00:13 ; elapsed = 00:00:17 . Memory (MB): peak = 1276.543 ; gain = 21.125
---------------------------------------------------------------------------------
---------------------------------------------------------------------------------
Start Timing Optimization
---------------------------------------------------------------------------------
---------------------------------------------------------------------------------
Finished Timing Optimization : Time (s): cpu = 00:00:13 ; elapsed = 00:00:17 . Memory (MB): peak = 1276.543 ; gain = 21.125
---------------------------------------------------------------------------------
---------------------------------------------------------------------------------
Start Technology Mapping
---------------------------------------------------------------------------------
---------------------------------------------------------------------------------
Finished Technology Mapping : Time (s): cpu = 00:00:13 ; elapsed = 00:00:17 . Memory (MB): peak = 1276.543 ; gain = 21.125
---------------------------------------------------------------------------------
---------------------------------------------------------------------------------
Start IO Insertion
---------------------------------------------------------------------------------
---------------------------------------------------------------------------------
Start Flattening Before IO Insertion
---------------------------------------------------------------------------------
---------------------------------------------------------------------------------
Finished Flattening Before IO Insertion
---------------------------------------------------------------------------------
---------------------------------------------------------------------------------
Start Final Netlist Cleanup
---------------------------------------------------------------------------------
---------------------------------------------------------------------------------
Finished Final Netlist Cleanup
---------------------------------------------------------------------------------
---------------------------------------------------------------------------------
Finished IO Insertion : Time (s): cpu = 00:00:16 ; elapsed = 00:00:20 . Memory (MB): peak = 1276.543 ; gain = 21.125
---------------------------------------------------------------------------------
---------------------------------------------------------------------------------
Start Renaming Generated Instances
---------------------------------------------------------------------------------
---------------------------------------------------------------------------------
Finished Renaming Generated Instances : Time (s): cpu = 00:00:16 ; elapsed = 00:00:20 . Memory (MB): peak = 1276.543 ; gain = 21.125
---------------------------------------------------------------------------------
---------------------------------------------------------------------------------
Start Rebuilding User Hierarchy
---------------------------------------------------------------------------------
---------------------------------------------------------------------------------
Finished Rebuilding User Hierarchy : Time (s): cpu = 00:00:16 ; elapsed = 00:00:20 . Memory (MB): peak = 1276.543 ; gain = 21.125
---------------------------------------------------------------------------------
---------------------------------------------------------------------------------
Start Renaming Generated Ports
---------------------------------------------------------------------------------
---------------------------------------------------------------------------------
Finished Renaming Generated Ports : Time (s): cpu = 00:00:16 ; elapsed = 00:00:20 . Memory (MB): peak = 1276.543 ; gain = 21.125
---------------------------------------------------------------------------------
---------------------------------------------------------------------------------
Start Handling Custom Attributes
---------------------------------------------------------------------------------
---------------------------------------------------------------------------------
Finished Handling Custom Attributes : Time (s): cpu = 00:00:16 ; elapsed = 00:00:20 . Memory (MB): peak = 1276.543 ; gain = 21.125
---------------------------------------------------------------------------------
---------------------------------------------------------------------------------
Start Renaming Generated Nets
---------------------------------------------------------------------------------
---------------------------------------------------------------------------------
Finished Renaming Generated Nets : Time (s): cpu = 00:00:16 ; elapsed = 00:00:20 . Memory (MB): peak = 1276.543 ; gain = 21.125
---------------------------------------------------------------------------------
---------------------------------------------------------------------------------
Start Writing Synthesis Report
---------------------------------------------------------------------------------

Report BlackBoxes: 
+------+--------------+----------+
|      |BlackBox name |Instances |
+------+--------------+----------+
|1     |clk_wiz_0     |         1|
+------+--------------+----------+

Report Cell Usage: 
+------+---------------+------+
|      |Cell           |Count |
+------+---------------+------+
|1     |clk_wiz_0_bbox |     1|
|2     |CARRY4         |     6|
|3     |LUT2           |     2|
|4     |LUT3           |     1|
|5     |LUT4           |     6|
|6     |LUT5           |    11|
|7     |LUT6           |    34|
|8     |FDCE           |    38|
|9     |IBUF           |    14|
|10    |OBUF           |    12|
+------+---------------+------+
---------------------------------------------------------------------------------
Finished Writing Synthesis Report : Time (s): cpu = 00:00:16 ; elapsed = 00:00:20 . Memory (MB): peak = 1276.543 ; gain = 21.125
---------------------------------------------------------------------------------
Synthesis finished with 0 errors, 0 critical warnings and 1 warnings.
Synthesis Optimization Runtime : Time (s): cpu = 00:00:10 ; elapsed = 00:00:19 . Memory (MB): peak = 1276.543 ; gain = 0.000
Synthesis Optimization Complete : Time (s): cpu = 00:00:16 ; elapsed = 00:00:20 . Memory (MB): peak = 1276.543 ; gain = 21.125
INFO: [Project 1-571] Translating synthesized netlist
Netlist sorting complete. Time (s): cpu = 00:00:00 ; elapsed = 00:00:00.001 . Memory (MB): peak = 1276.543 ; gain = 0.000
INFO: [Netlist 29-17] Analyzing 6 Unisim elements for replacement
INFO: [Netlist 29-28] Unisim Transformation completed in 0 CPU seconds
INFO: [Project 1-570] Preparing netlist for logic optimization
INFO: [Opt 31-138] Pushed 0 inverter(s) to 0 load pin(s).
Netlist sorting complete. Time (s): cpu = 00:00:00 ; elapsed = 00:00:00 . Memory (MB): peak = 1276.543 ; gain = 0.000
INFO: [Project 1-111] Unisim Transformation Summary:
No Unisim elements were transformed.

Synth Design complete, checksum: 6f35adae
INFO: [Common 17-83] Releasing license: Synthesis
32 Infos, 3 Warnings, 0 Critical Warnings and 0 Errors encountered.
synth_design completed successfully
synth_design: Time (s): cpu = 00:00:18 ; elapsed = 00:00:24 . Memory (MB): peak = 1276.543 ; gain = 21.125
INFO: [Common 17-1381] The checkpoint 'D:/LABWORK/DSD/Lab/three_digit_decimal_counter/three_digit_decimal_counter.runs/synth_1/counter.dcp' has been generated.
INFO: [runtcl-4] Executing : report_utilization -file counter_utilization_synth.rpt -pb counter_utilization_synth.pb
INFO: [Common 17-206] Exiting Vivado at Sat Apr 23 15:12:52 2022...
